<html>
<head>
<title>TestNG:  Test</title>
<link href="../testng.css" rel="stylesheet" type="text/css" />
<link href="../my-testng.css" rel="stylesheet" type="text/css" />

<style type="text/css">
.log { display: none;} 
.stack-trace { display: none;} 
</style>
<script type="text/javascript">
<!--
function flip(e) {
  current = e.style.display;
  if (current == 'block') {
    e.style.display = 'none';
    return 0;
  }
  else {
    e.style.display = 'block';
    return 1;
  }
}

function toggleBox(szDivId, elem, msg1, msg2)
{
  var res = -1;  if (document.getElementById) {
    res = flip(document.getElementById(szDivId));
  }
  else if (document.all) {
    // this is the way old msie versions work
    res = flip(document.all[szDivId]);
  }
  if(elem) {
    if(res == 0) elem.innerHTML = msg1; else elem.innerHTML = msg2;
  }

}

function toggleAllBoxes() {
  if (document.getElementsByTagName) {
    d = document.getElementsByTagName('div');
    for (i = 0; i < d.length; i++) {
      if (d[i].className == 'log') {
        flip(d[i]);
      }
    }
  }
}

// -->
</script>

</head>
<body>
<h2 align='center'>Test</h2><table border='1' align="center">
<tr>
<td>Tests passed/Failed/Skipped:</td><td>7/1/0</td>
</tr><tr>
<td>Started on:</td><td>Sat Sep 21 19:54:02 IST 2024</td>
</tr>
<tr><td>Total time:</td><td>39 seconds (39569 ms)</td>
</tr><tr>
<td>Included groups:</td><td></td>
</tr><tr>
<td>Excluded groups:</td><td></td>
</tr>
</table><p/>
<small><i>(Hover the method name to see the test class name)</i></small><p/>
<table width='100%' border='1' class='invocation-failed'>
<tr><td colspan='4' align='center'><b>FAILED TESTS</b></td></tr>
<tr><td><b>Test method</b></td>
<td><b>Attribute(s)</b></td>
<td width="30%"><b>Exception</b></td>
<td width="10%"><b>Time (seconds)</b></td>
<td><b>Instance</b></td>
</tr>
<tr>
<td title='com.Demo.test.LoginPage.GetUserCredential()'><b>GetUserCredential</b><br>Test class: com.Demo.test.LoginPage<br>Parameters: {Passord=secret_sauce, Name=locked_out_user}</td>
<td><div><pre>org.openqa.selenium.TimeoutException: Expected condition failed: waiting for element to be clickable: By.xpath: //div[contains(@class,&apos;app_logo&apos;)] (tried for 10 second(s) with 500 milliseconds interval)
Build info: version: &apos;4.15.0&apos;, revision: &apos;1d14b5521b&apos;
System info: os.name: &apos;Windows 11&apos;, os.arch: &apos;amd64&apos;, os.version: &apos;10.0&apos;, java.version: &apos;17.0.9&apos;
Driver info: org.openqa.selenium.chrome.ChromeDriver
Capabilities {acceptInsecureCerts: false, browserName: chrome, browserVersion: 129.0.6668.59, chrome: {chromedriverVersion: 129.0.6668.58 (81a06fb873a9..., userDataDir: C:\Users\z004krnn\AppData\L...}, fedcm:accounts: true, goog:chromeOptions: {debuggerAddress: localhost:53171}, networkConnectionEnabled: false, pageLoadStrategy: normal, platformName: windows, proxy: Proxy(), se:cdp: ws://localhost:53171/devtoo..., se:cdpVersion: 129.0.6668.59, setWindowRect: true, strictFileInteractability: false, timeouts: {implicit: 0, pageLoad: 300000, script: 30000}, unhandledPromptBehavior: dismiss and notify, webauthn:extension:credBlob: true, webauthn:extension:largeBlob: true, webauthn:extension:minPinLength: true, webauthn:extension:prf: true, webauthn:virtualAuthenticators: true}
Session ID: 12546eb3ccebc7bee0afdc2476331f20
	at org.openqa.selenium.support.ui.WebDriverWait.timeoutException(WebDriverWait.java:84)
	at org.openqa.selenium.support.ui.FluentWait.until(FluentWait.java:229)
	at WaitingMechanism.WaitSystem.WaitSystem_ElementToBeClicable(WaitSystem.java:17)
	at com.demo.basicMethods.BasicMethos.GetText(BasicMethos.java:26)
	at PageObject.PageObject_LoginPage.Get_LabelText(PageObject_LoginPage.java:55)
	at com.Demo.test.LoginPage.GetUserCredential(LoginPage.java:36)
	at java.base/java.util.concurrent.ThreadPoolExecutor.runWorker(ThreadPoolExecutor.java:1136)
	at java.base/java.util.concurrent.ThreadPoolExecutor$Worker.run(ThreadPoolExecutor.java:635)
	at java.base/java.lang.Thread.run(Thread.java:840)
... Removed 12 stack frames</pre></div><a href='#' onClick='toggleBox("stack-trace1579384626", this, "Click to show all stack frames", "Click to hide stack frames")'>Click to show all stack frames</a>
<div class='stack-trace' id='stack-trace1579384626'><pre>org.openqa.selenium.TimeoutException: Expected condition failed: waiting for element to be clickable: By.xpath: //div[contains(@class,&apos;app_logo&apos;)] (tried for 10 second(s) with 500 milliseconds interval)
Build info: version: &apos;4.15.0&apos;, revision: &apos;1d14b5521b&apos;
System info: os.name: &apos;Windows 11&apos;, os.arch: &apos;amd64&apos;, os.version: &apos;10.0&apos;, java.version: &apos;17.0.9&apos;
Driver info: org.openqa.selenium.chrome.ChromeDriver
Capabilities {acceptInsecureCerts: false, browserName: chrome, browserVersion: 129.0.6668.59, chrome: {chromedriverVersion: 129.0.6668.58 (81a06fb873a9..., userDataDir: C:\Users\z004krnn\AppData\L...}, fedcm:accounts: true, goog:chromeOptions: {debuggerAddress: localhost:53171}, networkConnectionEnabled: false, pageLoadStrategy: normal, platformName: windows, proxy: Proxy(), se:cdp: ws://localhost:53171/devtoo..., se:cdpVersion: 129.0.6668.59, setWindowRect: true, strictFileInteractability: false, timeouts: {implicit: 0, pageLoad: 300000, script: 30000}, unhandledPromptBehavior: dismiss and notify, webauthn:extension:credBlob: true, webauthn:extension:largeBlob: true, webauthn:extension:minPinLength: true, webauthn:extension:prf: true, webauthn:virtualAuthenticators: true}
Session ID: 12546eb3ccebc7bee0afdc2476331f20
	at org.openqa.selenium.support.ui.WebDriverWait.timeoutException(WebDriverWait.java:84)
	at org.openqa.selenium.support.ui.FluentWait.until(FluentWait.java:229)
	at WaitingMechanism.WaitSystem.WaitSystem_ElementToBeClicable(WaitSystem.java:17)
	at com.demo.basicMethods.BasicMethos.GetText(BasicMethos.java:26)
	at PageObject.PageObject_LoginPage.Get_LabelText(PageObject_LoginPage.java:55)
	at com.Demo.test.LoginPage.GetUserCredential(LoginPage.java:36)
	at java.base/jdk.internal.reflect.NativeMethodAccessorImpl.invoke0(Native Method)
	at java.base/jdk.internal.reflect.NativeMethodAccessorImpl.invoke(NativeMethodAccessorImpl.java:77)
	at java.base/jdk.internal.reflect.DelegatingMethodAccessorImpl.invoke(DelegatingMethodAccessorImpl.java:43)
	at java.base/java.lang.reflect.Method.invoke(Method.java:568)
	at org.testng.internal.invokers.MethodInvocationHelper.invokeMethod(MethodInvocationHelper.java:139)
	at org.testng.internal.invokers.TestInvoker.invokeMethod(TestInvoker.java:664)
	at org.testng.internal.invokers.TestInvoker.invokeTestMethod(TestInvoker.java:227)
	at org.testng.internal.invokers.MethodRunner.runInSequence(MethodRunner.java:50)
	at org.testng.internal.invokers.TestInvoker$MethodInvocationAgent.invoke(TestInvoker.java:957)
	at org.testng.internal.invokers.TestInvoker.invokeTestMethods(TestInvoker.java:200)
	at org.testng.internal.invokers.TestMethodWorker.invokeTestMethods(TestMethodWorker.java:148)
	at org.testng.internal.invokers.TestMethodWorker.run(TestMethodWorker.java:128)
	at java.base/java.util.concurrent.ThreadPoolExecutor.runWorker(ThreadPoolExecutor.java:1136)
	at java.base/java.util.concurrent.ThreadPoolExecutor$Worker.run(ThreadPoolExecutor.java:635)
	at java.base/java.lang.Thread.run(Thread.java:840)
</pre></div></td>
<td>10</td>
<td>com.Demo.test.LoginPage@4145bad8</td></tr>
</table><p>
<table width='100%' border='1' class='invocation-passed'>
<tr><td colspan='4' align='center'><b>PASSED TESTS</b></td></tr>
<tr><td><b>Test method</b></td>
<td><b>Attribute(s)</b></td>
<td width="30%"><b>Exception</b></td>
<td width="10%"><b>Time (seconds)</b></td>
<td><b>Instance</b></td>
</tr>
<tr>
<td title='com.Demo.test.LoginPage.GetUserCredential()'><b>GetUserCredential</b><br>Test class: com.Demo.test.LoginPage<br>Parameters: {Passord=secret_sauce, Name=standard_user}</td>
<td></td>
<td>1</td>
<td>com.Demo.test.LoginPage@4145bad8</td></tr>
<tr>
<td title='com.Demo.test.LoginPage.GetUserCredential()'><b>GetUserCredential</b><br>Test class: com.Demo.test.LoginPage<br>Parameters: {Passord=secret_sauce, Name=problem_user}</td>
<td></td>
<td>0</td>
<td>com.Demo.test.LoginPage@4145bad8</td></tr>
<tr>
<td title='com.Demo.test.LoginPage.GetUserCredential()'><b>GetUserCredential</b><br>Test class: com.Demo.test.LoginPage<br>Parameters: {Passord=secret_sauce, Name=error_user}</td>
<td></td>
<td>0</td>
<td>com.Demo.test.LoginPage@4145bad8</td></tr>
<tr>
<td title='com.Demo.test.LoginPage.GetUserCredential()'><b>GetUserCredential</b><br>Test class: com.Demo.test.LoginPage<br>Parameters: {Passord=secret_sauce, Name=visual_user}</td>
<td></td>
<td>0</td>
<td>com.Demo.test.LoginPage@4145bad8</td></tr>
<tr>
<td title='com.Demo.test.LoginPage3.GetUserCredential()'><b>GetUserCredential</b><br>Test class: com.Demo.test.LoginPage3</td>
<td></td>
<td>1</td>
<td>com.Demo.test.LoginPage3@33065d67</td></tr>
<tr>
<td title='com.Demo.test.LoginPage2.GetUserCredential()'><b>GetUserCredential</b><br>Test class: com.Demo.test.LoginPage2</td>
<td></td>
<td>1</td>
<td>com.Demo.test.LoginPage2@712625fd</td></tr>
<tr>
<td title='com.Demo.test.LoginPage.GetUserCredential()'><b>GetUserCredential</b><br>Test class: com.Demo.test.LoginPage<br>Parameters: {Passord=secret_sauce, Name=performance_glitch_user}</td>
<td></td>
<td>5</td>
<td>com.Demo.test.LoginPage@4145bad8</td></tr>
</table><p>
</body>
</html>